
*** Running vivado
    with args -log cordic_0.vds -m64 -product Vivado -mode batch -messageDb vivado.pb -notrace -source cordic_0.tcl



****** Vivado v2025.2 (64-bit)
  **** SW Build 6299465 on Fri Nov 14 19:35:11 GMT 2025
  **** IP Build 6300035 on Fri Nov 14 10:48:45 MST 2025
  **** SharedData Build 6298862 on Thu Nov 13 04:50:51 MST 2025
  **** Start of session at: Thu Feb  5 13:28:13 2026
    ** Copyright 1986-2022 Xilinx, Inc. All Rights Reserved.
    ** Copyright 2022-2025 Advanced Micro Devices, Inc. All Rights Reserved.

source cordic_0.tcl -notrace
Command: synth_design -top cordic_0 -part xa7z020clg484-1Q -incremental_mode off -mode out_of_context
Starting synth_design
Attempting to get a license for feature 'Synthesis' and/or device 'xa7z020'
INFO: [Common 17-349] Got license for feature 'Synthesis' and/or device 'xa7z020'
INFO: [Device 21-403] Loading part xa7z020clg484-1Q
INFO: [Synth 8-7079] Multithreading enabled for synth_design using a maximum of 2 processes.
INFO: [Synth 8-7078] Launching helper process for spawning children vivado processes
INFO: [Synth 8-7075] Helper process launched with PID 5176
---------------------------------------------------------------------------------
Starting RTL Elaboration : Time (s): cpu = 00:00:03 ; elapsed = 00:00:04 . Memory (MB): peak = 1348.359 ; gain = 541.207
---------------------------------------------------------------------------------
INFO: [Synth 8-638] synthesizing module 'cordic_0' [c:/Users/Alex/Documents/GitHub/impedance-analyzer/FPGA/Impedance_Analyzer/Impedance_Analyzer.gen/sources_1/ip/cordic_0/synth/cordic_0.vhd:69]
	Parameter C_ARCHITECTURE bound to: 2 - type: integer 
	Parameter C_CORDIC_FUNCTION bound to: 2 - type: integer 
	Parameter C_COARSE_ROTATE bound to: 1 - type: integer 
	Parameter C_DATA_FORMAT bound to: 0 - type: integer 
	Parameter C_XDEVICEFAMILY bound to: azynq - type: string 
	Parameter C_HAS_ACLKEN bound to: 0 - type: integer 
	Parameter C_HAS_ACLK bound to: 1 - type: integer 
	Parameter C_HAS_S_AXIS_CARTESIAN bound to: 0 - type: integer 
	Parameter C_HAS_S_AXIS_PHASE bound to: 1 - type: integer 
	Parameter C_HAS_ARESETN bound to: 0 - type: integer 
	Parameter C_INPUT_WIDTH bound to: 16 - type: integer 
	Parameter C_ITERATIONS bound to: 0 - type: integer 
	Parameter C_OUTPUT_WIDTH bound to: 16 - type: integer 
	Parameter C_PHASE_FORMAT bound to: 0 - type: integer 
	Parameter C_PIPELINE_MODE bound to: -2 - type: integer 
	Parameter C_PRECISION bound to: 0 - type: integer 
	Parameter C_ROUND_MODE bound to: 0 - type: integer 
	Parameter C_SCALE_COMP bound to: 0 - type: integer 
	Parameter C_THROTTLE_SCHEME bound to: 3 - type: integer 
	Parameter C_TLAST_RESOLUTION bound to: 0 - type: integer 
	Parameter C_HAS_S_AXIS_PHASE_TUSER bound to: 0 - type: integer 
	Parameter C_HAS_S_AXIS_PHASE_TLAST bound to: 0 - type: integer 
	Parameter C_S_AXIS_PHASE_TDATA_WIDTH bound to: 16 - type: integer 
	Parameter C_S_AXIS_PHASE_TUSER_WIDTH bound to: 1 - type: integer 
	Parameter C_HAS_S_AXIS_CARTESIAN_TUSER bound to: 0 - type: integer 
	Parameter C_HAS_S_AXIS_CARTESIAN_TLAST bound to: 0 - type: integer 
	Parameter C_S_AXIS_CARTESIAN_TDATA_WIDTH bound to: 32 - type: integer 
	Parameter C_S_AXIS_CARTESIAN_TUSER_WIDTH bound to: 1 - type: integer 
	Parameter C_M_AXIS_DOUT_TDATA_WIDTH bound to: 32 - type: integer 
	Parameter C_M_AXIS_DOUT_TUSER_WIDTH bound to: 1 - type: integer 
INFO: [Synth 8-3491] module 'cordic_v6_0_25' declared at 'c:/Users/Alex/Documents/GitHub/impedance-analyzer/FPGA/Impedance_Analyzer/Impedance_Analyzer.gen/sources_1/ip/cordic_0/hdl/cordic_v6_0_vh_rfs.vhd:10026' bound to instance 'U0' of component 'cordic_v6_0_25' [c:/Users/Alex/Documents/GitHub/impedance-analyzer/FPGA/Impedance_Analyzer/Impedance_Analyzer.gen/sources_1/ip/cordic_0/synth/cordic_0.vhd:148]
INFO: [Synth 8-256] done synthesizing module 'cordic_0' (0#1) [c:/Users/Alex/Documents/GitHub/impedance-analyzer/FPGA/Impedance_Analyzer/Impedance_Analyzer.gen/sources_1/ip/cordic_0/synth/cordic_0.vhd:69]
INFO: [Synth 8-7129] Port round_in[3] in module cordic_round is either unconnected or has no load
INFO: [Synth 8-7129] Port round_in[2] in module cordic_round is either unconnected or has no load
INFO: [Synth 8-7129] Port round_in[1] in module cordic_round is either unconnected or has no load
INFO: [Synth 8-7129] Port round_in[0] in module cordic_round is either unconnected or has no load
INFO: [Synth 8-7129] Port SCLR in module delay_bit is either unconnected or has no load
INFO: [Synth 8-7129] Port WE in module delay__parameterized6 is either unconnected or has no load
INFO: [Synth 8-7129] Port CE in module delay__parameterized6 is either unconnected or has no load
INFO: [Synth 8-7129] Port SCLR in module delay__parameterized6 is either unconnected or has no load
INFO: [Synth 8-7129] Port CLK in module delay__parameterized6 is either unconnected or has no load
INFO: [Synth 8-7129] Port CE in module c_reg_fd_v12_0_11_viv is either unconnected or has no load
INFO: [Synth 8-7129] Port AINIT in module c_reg_fd_v12_0_11_viv is either unconnected or has no load
INFO: [Synth 8-7129] Port ACLR in module c_reg_fd_v12_0_11_viv is either unconnected or has no load
INFO: [Synth 8-7129] Port ASET in module c_reg_fd_v12_0_11_viv is either unconnected or has no load
INFO: [Synth 8-7129] Port SINIT in module c_reg_fd_v12_0_11_viv is either unconnected or has no load
INFO: [Synth 8-7129] Port SCLR in module c_reg_fd_v12_0_11_viv is either unconnected or has no load
INFO: [Synth 8-7129] Port SSET in module c_reg_fd_v12_0_11_viv is either unconnected or has no load
INFO: [Synth 8-7129] Port c_in in module c_addsub_v12_0_21_lut6_legacy is either unconnected or has no load
INFO: [Synth 8-7129] Port ce in module c_addsub_v12_0_21_lut6_legacy is either unconnected or has no load
INFO: [Synth 8-7129] Port bypass in module c_addsub_v12_0_21_lut6_legacy is either unconnected or has no load
INFO: [Synth 8-7129] Port sclr in module c_addsub_v12_0_21_lut6_legacy is either unconnected or has no load
INFO: [Synth 8-7129] Port sset in module c_addsub_v12_0_21_lut6_legacy is either unconnected or has no load
INFO: [Synth 8-7129] Port sinit in module c_addsub_v12_0_21_lut6_legacy is either unconnected or has no load
INFO: [Synth 8-7129] Port c_in in module c_addsub_v12_0_21_legacy is either unconnected or has no load
INFO: [Synth 8-7129] Port b_in in module c_addsub_v12_0_21_legacy is either unconnected or has no load
INFO: [Synth 8-7129] Port a_signed in module c_addsub_v12_0_21_legacy is either unconnected or has no load
INFO: [Synth 8-7129] Port b_signed in module c_addsub_v12_0_21_legacy is either unconnected or has no load
INFO: [Synth 8-7129] Port C_IN in module c_addsub_v12_0_21_viv is either unconnected or has no load
INFO: [Synth 8-7129] Port WE in module delay_bit__parameterized3 is either unconnected or has no load
INFO: [Synth 8-7129] Port CE in module delay_bit__parameterized3 is either unconnected or has no load
INFO: [Synth 8-7129] Port SCLR in module delay_bit__parameterized3 is either unconnected or has no load
INFO: [Synth 8-7129] Port CLK in module delay_bit__parameterized3 is either unconnected or has no load
INFO: [Synth 8-7129] Port aclr in module cordic_out_config is either unconnected or has no load
INFO: [Synth 8-7129] Port aclr in module cordic_ctrl_slice_par is either unconnected or has no load
INFO: [Synth 8-7129] Port nd_in in module cordic_eng is either unconnected or has no load
INFO: [Synth 8-7129] Port X_IN[15] in module cordic_v6_0_25_synth is either unconnected or has no load
INFO: [Synth 8-7129] Port X_IN[14] in module cordic_v6_0_25_synth is either unconnected or has no load
INFO: [Synth 8-7129] Port X_IN[13] in module cordic_v6_0_25_synth is either unconnected or has no load
INFO: [Synth 8-7129] Port X_IN[12] in module cordic_v6_0_25_synth is either unconnected or has no load
INFO: [Synth 8-7129] Port X_IN[11] in module cordic_v6_0_25_synth is either unconnected or has no load
INFO: [Synth 8-7129] Port X_IN[10] in module cordic_v6_0_25_synth is either unconnected or has no load
INFO: [Synth 8-7129] Port X_IN[9] in module cordic_v6_0_25_synth is either unconnected or has no load
INFO: [Synth 8-7129] Port X_IN[8] in module cordic_v6_0_25_synth is either unconnected or has no load
INFO: [Synth 8-7129] Port X_IN[7] in module cordic_v6_0_25_synth is either unconnected or has no load
INFO: [Synth 8-7129] Port X_IN[6] in module cordic_v6_0_25_synth is either unconnected or has no load
INFO: [Synth 8-7129] Port X_IN[5] in module cordic_v6_0_25_synth is either unconnected or has no load
INFO: [Synth 8-7129] Port X_IN[4] in module cordic_v6_0_25_synth is either unconnected or has no load
INFO: [Synth 8-7129] Port X_IN[3] in module cordic_v6_0_25_synth is either unconnected or has no load
INFO: [Synth 8-7129] Port X_IN[2] in module cordic_v6_0_25_synth is either unconnected or has no load
INFO: [Synth 8-7129] Port X_IN[1] in module cordic_v6_0_25_synth is either unconnected or has no load
INFO: [Synth 8-7129] Port X_IN[0] in module cordic_v6_0_25_synth is either unconnected or has no load
INFO: [Synth 8-7129] Port Y_IN[15] in module cordic_v6_0_25_synth is either unconnected or has no load
INFO: [Synth 8-7129] Port Y_IN[14] in module cordic_v6_0_25_synth is either unconnected or has no load
INFO: [Synth 8-7129] Port Y_IN[13] in module cordic_v6_0_25_synth is either unconnected or has no load
INFO: [Synth 8-7129] Port Y_IN[12] in module cordic_v6_0_25_synth is either unconnected or has no load
INFO: [Synth 8-7129] Port Y_IN[11] in module cordic_v6_0_25_synth is either unconnected or has no load
INFO: [Synth 8-7129] Port Y_IN[10] in module cordic_v6_0_25_synth is either unconnected or has no load
INFO: [Synth 8-7129] Port Y_IN[9] in module cordic_v6_0_25_synth is either unconnected or has no load
INFO: [Synth 8-7129] Port Y_IN[8] in module cordic_v6_0_25_synth is either unconnected or has no load
INFO: [Synth 8-7129] Port Y_IN[7] in module cordic_v6_0_25_synth is either unconnected or has no load
INFO: [Synth 8-7129] Port Y_IN[6] in module cordic_v6_0_25_synth is either unconnected or has no load
INFO: [Synth 8-7129] Port Y_IN[5] in module cordic_v6_0_25_synth is either unconnected or has no load
INFO: [Synth 8-7129] Port Y_IN[4] in module cordic_v6_0_25_synth is either unconnected or has no load
INFO: [Synth 8-7129] Port Y_IN[3] in module cordic_v6_0_25_synth is either unconnected or has no load
INFO: [Synth 8-7129] Port Y_IN[2] in module cordic_v6_0_25_synth is either unconnected or has no load
INFO: [Synth 8-7129] Port Y_IN[1] in module cordic_v6_0_25_synth is either unconnected or has no load
INFO: [Synth 8-7129] Port Y_IN[0] in module cordic_v6_0_25_synth is either unconnected or has no load
INFO: [Synth 8-7129] Port ND in module cordic_v6_0_25_synth is either unconnected or has no load
INFO: [Synth 8-7129] Port CE in module cordic_v6_0_25_synth is either unconnected or has no load
INFO: [Synth 8-7129] Port SCLR in module cordic_v6_0_25_synth is either unconnected or has no load
INFO: [Synth 8-7129] Port SCLR in module xbip_pipe_v3_0_11_viv is either unconnected or has no load
INFO: [Synth 8-7129] Port SSET in module xbip_pipe_v3_0_11_viv is either unconnected or has no load
INFO: [Synth 8-7129] Port SINIT in module xbip_pipe_v3_0_11_viv is either unconnected or has no load
INFO: [Synth 8-7129] Port aclken in module cordic_v6_0_25_viv is either unconnected or has no load
INFO: [Synth 8-7129] Port aresetn in module cordic_v6_0_25_viv is either unconnected or has no load
INFO: [Synth 8-7129] Port s_axis_phase_tuser[0] in module cordic_v6_0_25_viv is either unconnected or has no load
INFO: [Synth 8-7129] Port s_axis_phase_tlast in module cordic_v6_0_25_viv is either unconnected or has no load
INFO: [Synth 8-7129] Port s_axis_cartesian_tvalid in module cordic_v6_0_25_viv is either unconnected or has no load
INFO: [Synth 8-7129] Port s_axis_cartesian_tuser[0] in module cordic_v6_0_25_viv is either unconnected or has no load
INFO: [Synth 8-7129] Port s_axis_cartesian_tlast in module cordic_v6_0_25_viv is either unconnected or has no load
INFO: [Synth 8-7129] Port s_axis_cartesian_tdata[31] in module cordic_v6_0_25_viv is either unconnected or has no load
INFO: [Synth 8-7129] Port s_axis_cartesian_tdata[30] in module cordic_v6_0_25_viv is either unconnected or has no load
INFO: [Synth 8-7129] Port s_axis_cartesian_tdata[29] in module cordic_v6_0_25_viv is either unconnected or has no load
INFO: [Synth 8-7129] Port s_axis_cartesian_tdata[28] in module cordic_v6_0_25_viv is either unconnected or has no load
INFO: [Synth 8-7129] Port s_axis_cartesian_tdata[27] in module cordic_v6_0_25_viv is either unconnected or has no load
INFO: [Synth 8-7129] Port s_axis_cartesian_tdata[26] in module cordic_v6_0_25_viv is either unconnected or has no load
INFO: [Synth 8-7129] Port s_axis_cartesian_tdata[25] in module cordic_v6_0_25_viv is either unconnected or has no load
INFO: [Synth 8-7129] Port s_axis_cartesian_tdata[24] in module cordic_v6_0_25_viv is either unconnected or has no load
INFO: [Synth 8-7129] Port s_axis_cartesian_tdata[23] in module cordic_v6_0_25_viv is either unconnected or has no load
INFO: [Synth 8-7129] Port s_axis_cartesian_tdata[22] in module cordic_v6_0_25_viv is either unconnected or has no load
INFO: [Synth 8-7129] Port s_axis_cartesian_tdata[21] in module cordic_v6_0_25_viv is either unconnected or has no load
INFO: [Synth 8-7129] Port s_axis_cartesian_tdata[20] in module cordic_v6_0_25_viv is either unconnected or has no load
INFO: [Synth 8-7129] Port s_axis_cartesian_tdata[19] in module cordic_v6_0_25_viv is either unconnected or has no load
INFO: [Synth 8-7129] Port s_axis_cartesian_tdata[18] in module cordic_v6_0_25_viv is either unconnected or has no load
INFO: [Synth 8-7129] Port s_axis_cartesian_tdata[17] in module cordic_v6_0_25_viv is either unconnected or has no load
INFO: [Synth 8-7129] Port s_axis_cartesian_tdata[16] in module cordic_v6_0_25_viv is either unconnected or has no load
INFO: [Synth 8-7129] Port m_axis_dout_tready in module cordic_v6_0_25_viv is either unconnected or has no load
---------------------------------------------------------------------------------
Finished RTL Elaboration : Time (s): cpu = 00:00:12 ; elapsed = 00:00:13 . Memory (MB): peak = 1835.457 ; gain = 1028.305
---------------------------------------------------------------------------------
---------------------------------------------------------------------------------
Start Handling Custom Attributes
---------------------------------------------------------------------------------
---------------------------------------------------------------------------------
Finished Handling Custom Attributes : Time (s): cpu = 00:00:12 ; elapsed = 00:00:13 . Memory (MB): peak = 1835.457 ; gain = 1028.305
---------------------------------------------------------------------------------
---------------------------------------------------------------------------------
Finished RTL Optimization Phase 1 : Time (s): cpu = 00:00:12 ; elapsed = 00:00:13 . Memory (MB): peak = 1835.457 ; gain = 1028.305
---------------------------------------------------------------------------------
Netlist sorting complete. Time (s): cpu = 00:00:00 ; elapsed = 00:00:00.085 . Memory (MB): peak = 1835.457 ; gain = 0.000
INFO: [Netlist 29-17] Analyzing 1968 Unisim elements for replacement
INFO: [Netlist 29-28] Unisim Transformation completed in 0 CPU seconds
INFO: [Project 1-570] Preparing netlist for logic optimization

Processing XDC Constraints
Initializing timing engine
Parsing XDC File [c:/Users/Alex/Documents/GitHub/impedance-analyzer/FPGA/Impedance_Analyzer/Impedance_Analyzer.gen/sources_1/ip/cordic_0/cordic_0_ooc.xdc] for cell 'U0'
Finished Parsing XDC File [c:/Users/Alex/Documents/GitHub/impedance-analyzer/FPGA/Impedance_Analyzer/Impedance_Analyzer.gen/sources_1/ip/cordic_0/cordic_0_ooc.xdc] for cell 'U0'
Parsing XDC File [C:/Users/Alex/Documents/GitHub/impedance-analyzer/FPGA/Impedance_Analyzer/Impedance_Analyzer.runs/cordic_0_synth_1/dont_touch.xdc]
Finished Parsing XDC File [C:/Users/Alex/Documents/GitHub/impedance-analyzer/FPGA/Impedance_Analyzer/Impedance_Analyzer.runs/cordic_0_synth_1/dont_touch.xdc]
Completed Processing XDC Constraints

Netlist sorting complete. Time (s): cpu = 00:00:00 ; elapsed = 00:00:00.001 . Memory (MB): peak = 1835.457 ; gain = 0.000
INFO: [Project 1-111] Unisim Transformation Summary:
No Unisim elements were transformed.

Constraint Validation Runtime : Time (s): cpu = 00:00:00 ; elapsed = 00:00:00.061 . Memory (MB): peak = 1835.457 ; gain = 0.000
INFO: [Designutils 20-5008] Incremental synthesis strategy off
---------------------------------------------------------------------------------
Finished Constraint Validation : Time (s): cpu = 00:00:17 ; elapsed = 00:00:18 . Memory (MB): peak = 1835.457 ; gain = 1028.305
---------------------------------------------------------------------------------
---------------------------------------------------------------------------------
Start Loading Part and Timing Information
---------------------------------------------------------------------------------
Loading part: xa7z020clg484-1Q
---------------------------------------------------------------------------------
Finished Loading Part and Timing Information : Time (s): cpu = 00:00:17 ; elapsed = 00:00:18 . Memory (MB): peak = 1835.457 ; gain = 1028.305
---------------------------------------------------------------------------------
---------------------------------------------------------------------------------
Start Applying 'set_property' XDC Constraints
---------------------------------------------------------------------------------
---------------------------------------------------------------------------------
Finished applying 'set_property' XDC Constraints : Time (s): cpu = 00:00:17 ; elapsed = 00:00:18 . Memory (MB): peak = 1835.457 ; gain = 1028.305
---------------------------------------------------------------------------------
---------------------------------------------------------------------------------
Finished RTL Optimization Phase 2 : Time (s): cpu = 00:00:18 ; elapsed = 00:00:19 . Memory (MB): peak = 1835.457 ; gain = 1028.305
---------------------------------------------------------------------------------
---------------------------------------------------------------------------------
Start RTL Component Statistics 
---------------------------------------------------------------------------------
---------------------------------------------------------------------------------
Finished RTL Component Statistics 
---------------------------------------------------------------------------------
---------------------------------------------------------------------------------
Start Part Resource Summary
---------------------------------------------------------------------------------
Part Resources:
DSPs: 220 (col length:60)
BRAMs: 280 (col length: RAMB18 60 RAMB36 30)
---------------------------------------------------------------------------------
Finished Part Resource Summary
---------------------------------------------------------------------------------
---------------------------------------------------------------------------------
Start Cross Boundary and Area Optimization
---------------------------------------------------------------------------------
INFO: [Synth 8-7129] Port C_IN in module c_addsub_v12_0_21_viv is either unconnected or has no load
INFO: [Synth 8-7129] Port CE in module c_addsub_v12_0_21_viv is either unconnected or has no load
INFO: [Synth 8-7129] Port BYPASS in module c_addsub_v12_0_21_viv is either unconnected or has no load
INFO: [Synth 8-7129] Port SCLR in module c_addsub_v12_0_21_viv is either unconnected or has no load
INFO: [Common 17-14] Message 'Synth 8-7129' appears 100 times and further instances of the messages will be disabled. Use the Tcl command set_msg_config to change the current settings.
---------------------------------------------------------------------------------
Finished Cross Boundary and Area Optimization : Time (s): cpu = 00:00:19 ; elapsed = 00:00:20 . Memory (MB): peak = 1835.457 ; gain = 1028.305
---------------------------------------------------------------------------------
---------------------------------------------------------------------------------
Start Applying XDC Timing Constraints
---------------------------------------------------------------------------------
---------------------------------------------------------------------------------
Finished Applying XDC Timing Constraints : Time (s): cpu = 00:00:22 ; elapsed = 00:00:23 . Memory (MB): peak = 1835.457 ; gain = 1028.305
---------------------------------------------------------------------------------
---------------------------------------------------------------------------------
Start Timing Optimization
---------------------------------------------------------------------------------
---------------------------------------------------------------------------------
Finished Timing Optimization : Time (s): cpu = 00:00:22 ; elapsed = 00:00:23 . Memory (MB): peak = 1835.457 ; gain = 1028.305
---------------------------------------------------------------------------------
---------------------------------------------------------------------------------
Start Technology Mapping
---------------------------------------------------------------------------------
---------------------------------------------------------------------------------
Finished Technology Mapping : Time (s): cpu = 00:00:23 ; elapsed = 00:00:24 . Memory (MB): peak = 1835.457 ; gain = 1028.305
---------------------------------------------------------------------------------
---------------------------------------------------------------------------------
Start IO Insertion
---------------------------------------------------------------------------------
---------------------------------------------------------------------------------
Start Flattening Before IO Insertion
---------------------------------------------------------------------------------
---------------------------------------------------------------------------------
Finished Flattening Before IO Insertion
---------------------------------------------------------------------------------
---------------------------------------------------------------------------------
Start Final Netlist Cleanup
---------------------------------------------------------------------------------
---------------------------------------------------------------------------------
Finished Final Netlist Cleanup
---------------------------------------------------------------------------------
---------------------------------------------------------------------------------
Finished IO Insertion : Time (s): cpu = 00:00:25 ; elapsed = 00:00:26 . Memory (MB): peak = 1954.449 ; gain = 1147.297
---------------------------------------------------------------------------------
---------------------------------------------------------------------------------
Start Renaming Generated Instances
---------------------------------------------------------------------------------
---------------------------------------------------------------------------------
Finished Renaming Generated Instances : Time (s): cpu = 00:00:25 ; elapsed = 00:00:26 . Memory (MB): peak = 1954.449 ; gain = 1147.297
---------------------------------------------------------------------------------
---------------------------------------------------------------------------------
Start Rebuilding User Hierarchy
---------------------------------------------------------------------------------
---------------------------------------------------------------------------------
Finished Rebuilding User Hierarchy : Time (s): cpu = 00:00:25 ; elapsed = 00:00:26 . Memory (MB): peak = 1954.449 ; gain = 1147.297
---------------------------------------------------------------------------------
---------------------------------------------------------------------------------
Start Renaming Generated Ports
---------------------------------------------------------------------------------
---------------------------------------------------------------------------------
Finished Renaming Generated Ports : Time (s): cpu = 00:00:25 ; elapsed = 00:00:26 . Memory (MB): peak = 1954.449 ; gain = 1147.297
---------------------------------------------------------------------------------
---------------------------------------------------------------------------------
Start Handling Custom Attributes
---------------------------------------------------------------------------------
---------------------------------------------------------------------------------
Finished Handling Custom Attributes : Time (s): cpu = 00:00:25 ; elapsed = 00:00:26 . Memory (MB): peak = 1954.449 ; gain = 1147.297
---------------------------------------------------------------------------------
---------------------------------------------------------------------------------
Start Renaming Generated Nets
---------------------------------------------------------------------------------
---------------------------------------------------------------------------------
Finished Renaming Generated Nets : Time (s): cpu = 00:00:25 ; elapsed = 00:00:26 . Memory (MB): peak = 1954.449 ; gain = 1147.297
---------------------------------------------------------------------------------
---------------------------------------------------------------------------------
Start Writing Synthesis Report
---------------------------------------------------------------------------------

Report BlackBoxes: 
+-+--------------+----------+
| |BlackBox name |Instances |
+-+--------------+----------+
+-+--------------+----------+

Report Cell Usage: 
+------+--------+------+
|      |Cell    |Count |
+------+--------+------+
|1     |LUT1    |    94|
|2     |LUT2    |   372|
|3     |LUT3    |   554|
|4     |LUT4    |     4|
|5     |LUT5    |     1|
|6     |LUT6    |    15|
|7     |MUXCY   |   893|
|8     |SRL16E  |     5|
|9     |SRLC32E |     1|
|10    |XORCY   |   875|
|11    |FDRE    |   999|
+------+--------+------+
---------------------------------------------------------------------------------
Finished Writing Synthesis Report : Time (s): cpu = 00:00:25 ; elapsed = 00:00:26 . Memory (MB): peak = 1954.449 ; gain = 1147.297
---------------------------------------------------------------------------------
Synthesis finished with 0 errors, 0 critical warnings and 0 warnings.
Synthesis Optimization Runtime : Time (s): cpu = 00:00:11 ; elapsed = 00:00:24 . Memory (MB): peak = 1954.449 ; gain = 1147.297
Synthesis Optimization Complete : Time (s): cpu = 00:00:25 ; elapsed = 00:00:26 . Memory (MB): peak = 1954.449 ; gain = 1147.297
INFO: [Project 1-571] Translating synthesized netlist
Netlist sorting complete. Time (s): cpu = 00:00:00 ; elapsed = 00:00:00.047 . Memory (MB): peak = 1954.449 ; gain = 0.000
INFO: [Netlist 29-17] Analyzing 1768 Unisim elements for replacement
INFO: [Netlist 29-28] Unisim Transformation completed in 0 CPU seconds
INFO: [Project 1-570] Preparing netlist for logic optimization
INFO: [Opt 31-138] Pushed 0 inverter(s) to 0 load pin(s).
Netlist sorting complete. Time (s): cpu = 00:00:00 ; elapsed = 00:00:00 . Memory (MB): peak = 1969.211 ; gain = 0.000
INFO: [Project 1-111] Unisim Transformation Summary:
  A total of 235 instances were transformed.
  (MUXCY,XORCY) => CARRY4: 235 instances

Synth Design complete | Checksum: 47d0c4f
INFO: [Common 17-83] Releasing license: Synthesis
121 Infos, 0 Warnings, 0 Critical Warnings and 0 Errors encountered.
synth_design completed successfully
synth_design: Time (s): cpu = 00:00:28 ; elapsed = 00:00:30 . Memory (MB): peak = 1969.211 ; gain = 1391.062
Write ShapeDB Complete: Time (s): cpu = 00:00:00 ; elapsed = 00:00:00.004 . Memory (MB): peak = 1969.211 ; gain = 0.000
INFO: [Common 17-1381] The checkpoint 'C:/Users/Alex/Documents/GitHub/impedance-analyzer/FPGA/Impedance_Analyzer/Impedance_Analyzer.runs/cordic_0_synth_1/cordic_0.dcp' has been generated.
INFO: [Coretcl 2-1648] Added synthesis output to IP cache for IP cordic_0, cache-ID = e54ffdebb542b04e
INFO: [Coretcl 2-1174] Renamed 345 cell refs.
Write ShapeDB Complete: Time (s): cpu = 00:00:00 ; elapsed = 00:00:00.004 . Memory (MB): peak = 1969.211 ; gain = 0.000
INFO: [Common 17-1381] The checkpoint 'C:/Users/Alex/Documents/GitHub/impedance-analyzer/FPGA/Impedance_Analyzer/Impedance_Analyzer.runs/cordic_0_synth_1/cordic_0.dcp' has been generated.
INFO: [Vivado 12-24828] Executing command : report_utilization -file cordic_0_utilization_synth.rpt -pb cordic_0_utilization_synth.pb
INFO: [Common 17-206] Exiting Vivado at Thu Feb  5 13:28:50 2026...
